生成启动时间为 2019/11/27 23:33:22。
     1>项目“E:\Visual Studio 2013\Projects\lianxi\操作系统\操作系统\操作系统.vcxproj”在节点 2 上(Build 个目标)。
     1>ClCompile:
         C:\Program Files (x86)\Microsoft Visual Studio 12.0\VC\bin\CL.exe /c /ZI /nologo /W3 /WX- /sdl /Od /Oy- /D _UNICODE /D UNICODE /Gm /EHsc /RTC1 /MDd /GS /fp:precise /Zc:wchar_t /Zc:forScope /Fo"Debug\\" /Fd"Debug\vc120.pdb" /Gd /TP /analyze- /errorReport:prompt FCFS.cpp RR.cpp SJF.cpp
         SJF.cpp
     1>e:\visual studio 2013\projects\lianxi\操作系统\操作系统\sjf.cpp(44): warning C4244: “=”: 从“double”转换到“int”，可能丢失数据
     1>e:\visual studio 2013\projects\lianxi\操作系统\操作系统\sjf.cpp(48): warning C4244: “=”: 从“double”转换到“int”，可能丢失数据
     1>e:\visual studio 2013\projects\lianxi\操作系统\操作系统\sjf.cpp(71): warning C4244: “=”: 从“double”转换到“int”，可能丢失数据
         RR.cpp
     1>e:\visual studio 2013\projects\lianxi\操作系统\操作系统\rr.cpp(36): warning C4244: “=”: 从“double”转换到“int”，可能丢失数据
     1>e:\visual studio 2013\projects\lianxi\操作系统\操作系统\rr.cpp(40): warning C4244: “=”: 从“double”转换到“int”，可能丢失数据
     1>e:\visual studio 2013\projects\lianxi\操作系统\操作系统\rr.cpp(125): warning C4258: “i”: 忽略 For 循环中的定义；使用封闭范围中的定义
                 e:\visual studio 2013\projects\lianxi\操作系统\操作系统\rr.cpp(119) : 忽略“i”的定义
                 e:\visual studio 2013\projects\lianxi\操作系统\操作系统\rr.cpp(112) : 使用“i”的定义
     1>e:\visual studio 2013\projects\lianxi\操作系统\操作系统\rr.cpp(174): warning C4018: “<”: 有符号/无符号不匹配
         FCFS.cpp
     1>e:\visual studio 2013\projects\lianxi\操作系统\操作系统\fcfs.cpp(48): warning C4244: “=”: 从“double”转换到“int”，可能丢失数据
     1>e:\visual studio 2013\projects\lianxi\操作系统\操作系统\fcfs.cpp(52): warning C4244: “=”: 从“double”转换到“int”，可能丢失数据
         正在生成代码...
       Link:
         C:\Program Files (x86)\Microsoft Visual Studio 12.0\VC\bin\link.exe /ERRORREPORT:PROMPT /OUT:"E:\Visual Studio 2013\Projects\lianxi\操作系统\Debug\操作系统.exe" /INCREMENTAL /NOLOGO kernel32.lib user32.lib gdi32.lib winspool.lib comdlg32.lib advapi32.lib shell32.lib ole32.lib oleaut32.lib uuid.lib odbc32.lib odbccp32.lib /MANIFEST /MANIFESTUAC:"level='asInvoker' uiAccess='false'" /manifest:embed /DEBUG /PDB:"E:\Visual Studio 2013\Projects\lianxi\操作系统\Debug\操作系统.pdb" /TLBID:1 /DYNAMICBASE /NXCOMPAT /IMPLIB:"E:\Visual Studio 2013\Projects\lianxi\操作系统\Debug\操作系统.lib" /MACHINE:X86 Debug\FCFS.obj
         Debug\RR.obj
         Debug\SJF.obj
         操作系统.vcxproj -> E:\Visual Studio 2013\Projects\lianxi\操作系统\Debug\操作系统.exe
     1>已完成生成项目“E:\Visual Studio 2013\Projects\lianxi\操作系统\操作系统\操作系统.vcxproj”(Build 个目标)的操作。

生成成功。

已用时间 00:00:01.82
